#
# A fatal error has been detected by the Java Runtime Environment:
#
#  Internal Error (javaClasses.cpp:136), pid=2204, tid=5504
#  fatal error: Invalid layout of preloaded class
#
# JRE version:  (7.0_60-b19) (build )
# Java VM: Java HotSpot(TM) 64-Bit Server VM (24.60-b09 mixed mode windows-amd64 compressed oops)
# Failed to write core dump. Minidumps are not enabled by default on client versions of Windows
#
# If you would like to submit a bug report, please visit:
#   http://bugreport.sun.com/bugreport/crash.jsp
#

---------------  T H R E A D  ---------------

Current thread (0x0000000001d00800):  JavaThread "Unknown thread" [_thread_in_vm, id=5504, stack(0x0000000001b90000,0x0000000001c90000)]

Stack: [0x0000000001b90000,0x0000000001c90000]
[error occurred during error reporting (printing stack bounds), id 0xc0000005]


---------------  P R O C E S S  ---------------

Java Threads: ( => current thread )

Other Threads:

=>0x0000000001d00800 (exited) JavaThread "Unknown thread" [_thread_in_vm, id=5504, stack(0x0000000001b90000,0x0000000001c90000)]

VM state:not at safepoint (not fully initialized)

VM Mutex/Monitor currently owned by a thread: None

GC Heap History (0 events):
No events

Deoptimization events (0 events):
No events

Internal exceptions (0 events):
No events

Events (10 events):
Event: 0.010 loading class 0x0000000001d4eca0 done
Event: 0.010 loading class 0x0000000001d4e6c0 done
Event: 0.010 loading class 0x0000000001d4e6a0
Event: 0.010 loading class 0x0000000001d567f0
Event: 0.010 loading class 0x0000000001d567f0 done
Event: 0.010 loading class 0x0000000001d56820
Event: 0.010 loading class 0x0000000001d56820 done
Event: 0.010 loading class 0x0000000001d56850
Event: 0.010 loading class 0x0000000001d56850 done
Event: 0.010 loading class 0x0000000001d4e6a0 done


Dynamic libraries:
0x00007ff780460000 - 0x00007ff780493000 	C:\Program Files\Java\jre7\bin\javaw.exe
0x00007ffc7f400000 - 0x00007ffc7f5aa000 	C:\WINDOWS\SYSTEM32\ntdll.dll
0x00007ffc7f110000 - 0x00007ffc7f24a000 	C:\WINDOWS\system32\KERNEL32.DLL
0x00007ffc7cad0000 - 0x00007ffc7cbdf000 	C:\WINDOWS\system32\KERNELBASE.dll
0x00007ffc7b3b0000 - 0x00007ffc7b438000 	C:\WINDOWS\system32\apphelp.dll
0x00007ffc77b60000 - 0x00007ffc77baf000 	C:\WINDOWS\AppPatch\AppPatch64\AcGenral.DLL
0x00007ffc7efb0000 - 0x00007ffc7f057000 	C:\WINDOWS\system32\msvcrt.dll
0x00007ffc7c620000 - 0x00007ffc7c64b000 	C:\WINDOWS\SYSTEM32\SspiCli.dll
0x00007ffc7cdc0000 - 0x00007ffc7ce11000 	C:\WINDOWS\system32\SHLWAPI.dll
0x00007ffc7ece0000 - 0x00007ffc7ee51000 	C:\WINDOWS\system32\USER32.dll
0x00007ffc7d380000 - 0x00007ffc7d4f8000 	C:\WINDOWS\system32\ole32.dll
0x00007ffc7d6e0000 - 0x00007ffc7eb00000 	C:\WINDOWS\system32\SHELL32.dll
0x00007ffc7be00000 - 0x00007ffc7be1e000 	C:\WINDOWS\SYSTEM32\USERENV.dll
0x00007ffc7eb60000 - 0x00007ffc7ec05000 	C:\WINDOWS\system32\ADVAPI32.dll
0x00007ffc735c0000 - 0x00007ffc735db000 	C:\WINDOWS\SYSTEM32\MPR.dll
0x00007ffc7cc80000 - 0x00007ffc7cdb7000 	C:\WINDOWS\system32\RPCRT4.dll
0x00007ffc7eb00000 - 0x00007ffc7eb57000 	C:\WINDOWS\SYSTEM32\sechost.dll
0x00007ffc7d500000 - 0x00007ffc7d6d6000 	C:\WINDOWS\SYSTEM32\combase.dll
0x00007ffc7ee60000 - 0x00007ffc7efa4000 	C:\WINDOWS\system32\GDI32.dll
0x00007ffc7c770000 - 0x00007ffc7c784000 	C:\WINDOWS\SYSTEM32\profapi.dll
0x00007ffc7ac10000 - 0x00007ffc7acaf000 	C:\WINDOWS\SYSTEM32\SHCORE.dll
0x00007ffc7d100000 - 0x00007ffc7d134000 	C:\WINDOWS\system32\IMM32.DLL
0x00007ffc7f250000 - 0x00007ffc7f389000 	C:\WINDOWS\system32\MSCTF.dll
0x00007ffc79160000 - 0x00007ffc793ba000 	C:\WINDOWS\WinSxS\amd64_microsoft.windows.common-controls_6595b64144ccf1df_6.0.9600.17031_none_6242a4b3ecbb55a1\COMCTL32.dll
0x0000000073390000 - 0x0000000073462000 	C:\Program Files\Java\jre7\bin\msvcr100.dll
0x0000000072bb0000 - 0x0000000073382000 	C:\Program Files\Java\jre7\bin\server\jvm.dll
0x00007ffc7b080000 - 0x00007ffc7b089000 	C:\WINDOWS\SYSTEM32\WSOCK32.dll
0x00007ffc77c50000 - 0x00007ffc77c6f000 	C:\WINDOWS\SYSTEM32\WINMM.dll
0x00007ffc7d0f0000 - 0x00007ffc7d0f7000 	C:\WINDOWS\system32\PSAPI.DLL
0x00007ffc7f390000 - 0x00007ffc7f3e8000 	C:\WINDOWS\system32\WS2_32.dll
0x00007ffc77bc0000 - 0x00007ffc77bea000 	C:\WINDOWS\SYSTEM32\WINMMBASE.dll
0x00007ffc7d080000 - 0x00007ffc7d089000 	C:\WINDOWS\system32\NSI.dll
0x00007ffc7cc30000 - 0x00007ffc7cc7a000 	C:\WINDOWS\SYSTEM32\cfgmgr32.dll
0x00007ffc7b600000 - 0x00007ffc7b626000 	C:\WINDOWS\SYSTEM32\DEVOBJ.dll
0x0000000072ba0000 - 0x0000000072baf000 	C:\Program Files\Java\jre7\bin\verify.dll
0x0000000072b70000 - 0x0000000072b98000 	C:\Program Files\Java\jre7\bin\java.dll
0x0000000072b50000 - 0x0000000072b65000 	C:\Program Files\Java\jre7\bin\zip.dll

VM Arguments:
jvm_args: -Dfile.encoding=Cp1252 -Xbootclasspath:C:\Program Files\adt-bundle-windows-x86_64-20140321\sdk\platforms\android-19\android.jar 
java_command: feup.lpoo.riska.region.creator.RegionCreator
Launcher Type: SUN_STANDARD

Environment Variables:
PATH=C:\Program Files (x86)\NVIDIA Corporation\PhysX\Common;C:\Program Files (x86)\Intel\iCLS Client\;C:\Program Files\Intel\iCLS Client\;C:\WINDOWS\system32;C:\WINDOWS;C:\WINDOWS\System32\Wbem;C:\WINDOWS\System32\WindowsPowerShell\v1.0\;C:\Program Files (x86)\Windows Live\Shared;C:\Program Files\Intel\Intel(R) Management Engine Components\DAL;C:\Program Files\Intel\Intel(R) Management Engine Components\IPT;C:\Program Files (x86)\Intel\Intel(R) Management Engine Components\DAL;C:\Program Files (x86)\Intel\Intel(R) Management Engine Components\IPT;C:\Program Files\Intel\WiFi\bin\;C:\Program Files\Common Files\Intel\WirelessCommon\;c:\Program Files (x86)\Microsoft SQL Server\100\Tools\Binn\;c:\Program Files\Microsoft SQL Server\100\Tools\Binn\;c:\Program Files\Microsoft SQL Server\100\DTS\Binn\;C:\MinGW\bin;C:\MinGW\
USERNAME=Luís
OS=Windows_NT
PROCESSOR_IDENTIFIER=Intel64 Family 6 Model 60 Stepping 3, GenuineIntel



---------------  S Y S T E M  ---------------

OS: Windows 8.1 , 64 bit Build 9600 

CPU:total 8 (4 cores per cpu, 2 threads per core) family 6 model 60 stepping 3, cmov, cx8, fxsr, mmx, sse, sse2, sse3, ssse3, sse4.1, sse4.2, popcnt, avx, avx2, aes, erms, ht, tsc, tscinvbit

Memory: 4k page, physical 8268904k(5709024k free), swap 18623592k(15466096k free)

vm_info: Java HotSpot(TM) 64-Bit Server VM (24.60-b09) for windows-amd64 JRE (1.7.0_60-b19), built on May  7 2014 12:55:18 by "java_re" with unknown MS VC++:1600

time: Thu Aug 21 17:47:50 2014
elapsed time: 0 seconds

